# JRE version: Java(TM) SE Runtime Environment (21.0.2+13) (build 21.0.2+13-LTS-58)
# Java VM: Java HotSpot(TM) 64-Bit Server VM (21.0.2+13-LTS-58, mixed mode, emulated-client, sharing, tiered, compressed oops, compressed class ptrs, g1 gc, windows-amd64)
GC Precious Log:
 CardTable entry size: 512
 Card Set container configuration: InlinePtr #cards 5 size 8 Array Of Cards #cards 12 size 40 Howl #buckets 4 coarsen threshold 1843 Howl Bitmap #cards 512 size 80 coarsen threshold 460 Card regions per heap region 1 cards per card region 2048
 CPUs: 12 total, 12 available
 Memory: 7861M
 Large Page Support: Disabled
 NUMA Support: Disabled
 Compressed Oops: Enabled (32-bit)
 Heap Region Size: 1M
 Heap Min Capacity: 8M
 Heap Initial Capacity: 124M
 Heap Max Capacity: 1966M
 Pre-touch: Disabled
 Parallel Workers: 10
 Concurrent Workers: 3
 Concurrent Refinement Workers: 10
 Periodic GC: Disabled
Heap:
 garbage-first heap   total 68608K, used 54172K [0x0000000085200000, 0x0000000100000000)
  region size 1024K, 35 young (35840K), 3 survivors (3072K)
 Metaspace       used 49154K, committed 49856K, reserved 1114112K
  class space    used 6453K, committed 6784K, reserved 1048576K
GC Heap History (20 events):
Event: 240.611 GC heap before
{Heap before GC invocations=21 (full 1):
 garbage-first heap   total 68608K, used 55411K [0x0000000085200000, 0x0000000100000000)
  region size 1024K, 38 young (38912K), 5 survivors (5120K)
 Metaspace       used 48211K, committed 48960K, reserved 1114112K
  class space    used 6285K, committed 6656K, reserved 1048576K
}
Event: 240.614 GC heap after
{Heap after GC invocations=22 (full 1):
 garbage-first heap   total 68608K, used 24387K [0x0000000085200000, 0x0000000100000000)
  region size 1024K, 3 young (3072K), 3 survivors (3072K)
 Metaspace       used 48211K, committed 48960K, reserved 1114112K
  class space    used 6285K, committed 6656K, reserved 1048576K
}
Event: 325.783 GC heap before
{Heap before GC invocations=22 (full 1):
 garbage-first heap   total 68608K, used 57155K [0x0000000085200000, 0x0000000100000000)
  region size 1024K, 36 young (36864K), 3 survivors (3072K)
 Metaspace       used 48679K, committed 49408K, reserved 1114112K
  class space    used 6364K, committed 6720K, reserved 1048576K
}
Event: 325.788 GC heap after
{Heap after GC invocations=23 (full 1):
 garbage-first heap   total 68608K, used 27348K [0x0000000085200000, 0x0000000100000000)
  region size 1024K, 5 young (5120K), 5 survivors (5120K)
 Metaspace       used 48679K, committed 49408K, reserved 1114112K
  class space    used 6364K, committed 6720K, reserved 1048576K
}
Event: 386.771 GC heap before
{Heap before GC invocations=23 (full 1):
 garbage-first heap   total 68608K, used 38612K [0x0000000085200000, 0x0000000100000000)
  region size 1024K, 17 young (17408K), 5 survivors (5120K)
 Metaspace       used 48693K, committed 49472K, reserved 1114112K
  class space    used 6365K, committed 6720K, reserved 1048576K
}
Event: 386.799 GC heap after
{Heap after GC invocations=24 (full 2):
 garbage-first heap   total 68608K, used 18282K [0x0000000085200000, 0x0000000100000000)
  region size 1024K, 0 young (0K), 0 survivors (0K)
 Metaspace       used 48404K, committed 49472K, reserved 1114112K
  class space    used 6292K, committed 6720K, reserved 1048576K
}
Event: 387.539 GC heap before
{Heap before GC invocations=24 (full 2):
 garbage-first heap   total 68608K, used 56170K [0x0000000085200000, 0x0000000100000000)
  region size 1024K, 37 young (37888K), 0 survivors (0K)
 Metaspace       used 48588K, committed 49472K, reserved 1114112K
  class space    used 6341K, committed 6720K, reserved 1048576K
}
Event: 387.541 GC heap after
{Heap after GC invocations=25 (full 2):
 garbage-first heap   total 68608K, used 22378K [0x0000000085200000, 0x0000000100000000)
  region size 1024K, 4 young (4096K), 4 survivors (4096K)
 Metaspace       used 48588K, committed 49472K, reserved 1114112K
  class space    used 6341K, committed 6720K, reserved 1048576K
}
Event: 387.635 GC heap before
{Heap before GC invocations=25 (full 2):
 garbage-first heap   total 68608K, used 55146K [0x0000000085200000, 0x0000000100000000)
  region size 1024K, 37 young (37888K), 4 survivors (4096K)
 Metaspace       used 48730K, committed 49472K, reserved 1114112K
  class space    used 6366K, committed 6720K, reserved 1048576K
}
Event: 387.638 GC heap after
{Heap after GC invocations=26 (full 2):
 garbage-first heap   total 68608K, used 24048K [0x0000000085200000, 0x0000000100000000)
  region size 1024K, 2 young (2048K), 2 survivors (2048K)
 Metaspace       used 48730K, committed 49472K, reserved 1114112K
  class space    used 6366K, committed 6720K, reserved 1048576K
}
Event: 403.506 GC heap before
{Heap before GC invocations=26 (full 2):
 garbage-first heap   total 68608K, used 38384K [0x0000000085200000, 0x0000000100000000)
  region size 1024K, 17 young (17408K), 2 survivors (2048K)
 Metaspace       used 48824K, committed 49536K, reserved 1114112K
  class space    used 6380K, committed 6720K, reserved 1048576K
}
Event: 403.532 GC heap after
{Heap after GC invocations=27 (full 3):
 garbage-first heap   total 68608K, used 19197K [0x0000000085200000, 0x0000000100000000)
  region size 1024K, 0 young (0K), 0 survivors (0K)
 Metaspace       used 48552K, committed 49536K, reserved 1114112K
  class space    used 6329K, committed 6720K, reserved 1048576K
}
Event: 404.039 GC heap before
{Heap before GC invocations=27 (full 3):
 garbage-first heap   total 68608K, used 55037K [0x0000000085200000, 0x0000000100000000)
  region size 1024K, 36 young (36864K), 0 survivors (0K)
 Metaspace       used 48637K, committed 49536K, reserved 1114112K
  class space    used 6351K, committed 6720K, reserved 1048576K
}
Event: 404.040 GC heap after
{Heap after GC invocations=28 (full 3):
 garbage-first heap   total 68608K, used 22435K [0x0000000085200000, 0x0000000100000000)
  region size 1024K, 4 young (4096K), 4 survivors (4096K)
 Metaspace       used 48637K, committed 49536K, reserved 1114112K
  class space    used 6351K, committed 6720K, reserved 1048576K
}
Event: 404.123 GC heap before
{Heap before GC invocations=28 (full 3):
 garbage-first heap   total 68608K, used 55203K [0x0000000085200000, 0x0000000100000000)
  region size 1024K, 37 young (37888K), 4 survivors (4096K)
 Metaspace       used 48720K, committed 49536K, reserved 1114112K
  class space    used 6361K, committed 6720K, reserved 1048576K
}
Event: 404.125 GC heap after
{Heap after GC invocations=29 (full 3):
 garbage-first heap   total 68608K, used 23571K [0x0000000085200000, 0x0000000100000000)
  region size 1024K, 2 young (2048K), 2 survivors (2048K)
 Metaspace       used 48720K, committed 49536K, reserved 1114112K
  class space    used 6361K, committed 6720K, reserved 1048576K
}
Event: 416.835 GC heap before
{Heap before GC invocations=29 (full 3):
 garbage-first heap   total 68608K, used 32787K [0x0000000085200000, 0x0000000100000000)
  region size 1024K, 12 young (12288K), 2 survivors (2048K)
 Metaspace       used 48734K, committed 49536K, reserved 1114112K
  class space    used 6362K, committed 6720K, reserved 1048576K
}
Event: 416.860 GC heap after
{Heap after GC invocations=30 (full 4):
 garbage-first heap   total 68608K, used 19460K [0x0000000085200000, 0x0000000100000000)
  region size 1024K, 0 young (0K), 0 survivors (0K)
 Metaspace       used 48731K, committed 49536K, reserved 1114112K
  class space    used 6361K, committed 6720K, reserved 1048576K
}
Event: 418.629 GC heap before
{Heap before GC invocations=30 (full 4):
 garbage-first heap   total 68608K, used 56324K [0x0000000085200000, 0x0000000100000000)
  region size 1024K, 37 young (37888K), 0 survivors (0K)
 Metaspace       used 49056K, committed 49728K, reserved 1114112K
  class space    used 6430K, committed 6720K, reserved 1048576K
}
Event: 418.631 GC heap after
{Heap after GC invocations=31 (full 4):
 garbage-first heap   total 68608K, used 22428K [0x0000000085200000, 0x0000000100000000)
  region size 1024K, 3 young (3072K), 3 survivors (3072K)
 Metaspace       used 49056K, committed 49728K, reserved 1114112K
  class space    used 6430K, committed 6720K, reserved 1048576K
}

