# JRE version: Java(TM) SE Runtime Environment (21.0.2+13) (build 21.0.2+13-LTS-58)
# Java VM: Java HotSpot(TM) 64-Bit Server VM (21.0.2+13-LTS-58, mixed mode, emulated-client, sharing, tiered, compressed oops, compressed class ptrs, g1 gc, windows-amd64)
GC Precious Log:
 CardTable entry size: 512
 Card Set container configuration: InlinePtr #cards 5 size 8 Array Of Cards #cards 12 size 40 Howl #buckets 4 coarsen threshold 1843 Howl Bitmap #cards 512 size 80 coarsen threshold 460 Card regions per heap region 1 cards per card region 2048
 CPUs: 12 total, 12 available
 Memory: 7861M
 Large Page Support: Disabled
 NUMA Support: Disabled
 Compressed Oops: Enabled (32-bit)
 Heap Region Size: 1M
 Heap Min Capacity: 8M
 Heap Initial Capacity: 124M
 Heap Max Capacity: 1966M
 Pre-touch: Disabled
 Parallel Workers: 10
 Concurrent Workers: 3
 Concurrent Refinement Workers: 10
 Periodic GC: Disabled
Heap:
 garbage-first heap   total 71680K, used 52358K [0x0000000085200000, 0x0000000100000000)
  region size 1024K, 34 young (34816K), 0 survivors (0K)
 Metaspace       used 49077K, committed 49984K, reserved 1114112K
  class space    used 6381K, committed 6784K, reserved 1048576K
GC Heap History (20 events):
Event: 1.956 GC heap before
{Heap before GC invocations=12 (full 0):
 garbage-first heap   total 61440K, used 48726K [0x0000000085200000, 0x0000000100000000)
  region size 1024K, 36 young (36864K), 4 survivors (4096K)
 Metaspace       used 33521K, committed 34112K, reserved 1114112K
  class space    used 4414K, committed 4672K, reserved 1048576K
}
Event: 1.959 GC heap after
{Heap after GC invocations=13 (full 0):
 garbage-first heap   total 61440K, used 17974K [0x0000000085200000, 0x0000000100000000)
  region size 1024K, 3 young (3072K), 3 survivors (3072K)
 Metaspace       used 33521K, committed 34112K, reserved 1114112K
  class space    used 4414K, committed 4672K, reserved 1048576K
}
Event: 2.115 GC heap before
{Heap before GC invocations=13 (full 0):
 garbage-first heap   total 61440K, used 51766K [0x0000000085200000, 0x0000000100000000)
  region size 1024K, 36 young (36864K), 3 survivors (3072K)
 Metaspace       used 34731K, committed 35328K, reserved 1114112K
  class space    used 4583K, committed 4864K, reserved 1048576K
}
Event: 2.117 GC heap after
{Heap after GC invocations=14 (full 0):
 garbage-first heap   total 61440K, used 18909K [0x0000000085200000, 0x0000000100000000)
  region size 1024K, 4 young (4096K), 4 survivors (4096K)
 Metaspace       used 34731K, committed 35328K, reserved 1114112K
  class space    used 4583K, committed 4864K, reserved 1048576K
}
Event: 2.323 GC heap before
{Heap before GC invocations=14 (full 0):
 garbage-first heap   total 61440K, used 51677K [0x0000000085200000, 0x0000000100000000)
  region size 1024K, 36 young (36864K), 4 survivors (4096K)
 Metaspace       used 37112K, committed 37696K, reserved 1114112K
  class space    used 4924K, committed 5184K, reserved 1048576K
}
Event: 2.326 GC heap after
{Heap after GC invocations=15 (full 0):
 garbage-first heap   total 61440K, used 20948K [0x0000000085200000, 0x0000000100000000)
  region size 1024K, 5 young (5120K), 5 survivors (5120K)
 Metaspace       used 37112K, committed 37696K, reserved 1114112K
  class space    used 4924K, committed 5184K, reserved 1048576K
}
Event: 13.081 GC heap before
{Heap before GC invocations=15 (full 0):
 garbage-first heap   total 61440K, used 51668K [0x0000000085200000, 0x0000000100000000)
  region size 1024K, 36 young (36864K), 5 survivors (5120K)
 Metaspace       used 39760K, committed 40512K, reserved 1114112K
  class space    used 5300K, committed 5632K, reserved 1048576K
}
Event: 13.084 GC heap after
{Heap after GC invocations=16 (full 0):
 garbage-first heap   total 73728K, used 23189K [0x0000000085200000, 0x0000000100000000)
  region size 1024K, 5 young (5120K), 5 survivors (5120K)
 Metaspace       used 39760K, committed 40512K, reserved 1114112K
  class space    used 5300K, committed 5632K, reserved 1048576K
}
Event: 27.207 GC heap before
{Heap before GC invocations=16 (full 0):
 garbage-first heap   total 73728K, used 61077K [0x0000000085200000, 0x0000000100000000)
  region size 1024K, 43 young (44032K), 5 survivors (5120K)
 Metaspace       used 43578K, committed 44288K, reserved 1114112K
  class space    used 5743K, committed 6080K, reserved 1048576K
}
Event: 27.210 GC heap after
{Heap after GC invocations=17 (full 0):
 garbage-first heap   total 73728K, used 24642K [0x0000000085200000, 0x0000000100000000)
  region size 1024K, 4 young (4096K), 4 survivors (4096K)
 Metaspace       used 43578K, committed 44288K, reserved 1114112K
  class space    used 5743K, committed 6080K, reserved 1048576K
}
Event: 84.246 GC heap before
{Heap before GC invocations=17 (full 0):
 garbage-first heap   total 73728K, used 62530K [0x0000000085200000, 0x0000000100000000)
  region size 1024K, 42 young (43008K), 4 survivors (4096K)
 Metaspace       used 48877K, committed 49600K, reserved 1114112K
  class space    used 6372K, committed 6720K, reserved 1048576K
}
Event: 84.250 GC heap after
{Heap after GC invocations=18 (full 0):
 garbage-first heap   total 73728K, used 26819K [0x0000000085200000, 0x0000000100000000)
  region size 1024K, 4 young (4096K), 4 survivors (4096K)
 Metaspace       used 48877K, committed 49600K, reserved 1114112K
  class space    used 6372K, committed 6720K, reserved 1048576K
}
Event: 107.491 GC heap before
{Heap before GC invocations=18 (full 0):
 garbage-first heap   total 73728K, used 32963K [0x0000000085200000, 0x0000000100000000)
  region size 1024K, 12 young (12288K), 4 survivors (4096K)
 Metaspace       used 49180K, committed 49856K, reserved 1114112K
  class space    used 6405K, committed 6720K, reserved 1048576K
}
Event: 107.494 GC heap after
{Heap after GC invocations=19 (full 0):
 garbage-first heap   total 73728K, used 26956K [0x0000000085200000, 0x0000000100000000)
  region size 1024K, 3 young (3072K), 3 survivors (3072K)
 Metaspace       used 49180K, committed 49856K, reserved 1114112K
  class space    used 6405K, committed 6720K, reserved 1048576K
}
Event: 355.643 GC heap before
{Heap before GC invocations=20 (full 0):
 garbage-first heap   total 73728K, used 64844K [0x0000000085200000, 0x0000000100000000)
  region size 1024K, 40 young (40960K), 3 survivors (3072K)
 Metaspace       used 48811K, committed 49920K, reserved 1114112K
  class space    used 6309K, committed 6784K, reserved 1048576K
}
Event: 355.645 GC heap after
{Heap after GC invocations=21 (full 0):
 garbage-first heap   total 73728K, used 26952K [0x0000000085200000, 0x0000000100000000)
  region size 1024K, 3 young (3072K), 3 survivors (3072K)
 Metaspace       used 48811K, committed 49920K, reserved 1114112K
  class space    used 6309K, committed 6784K, reserved 1048576K
}
Event: 612.922 GC heap before
{Heap before GC invocations=21 (full 0):
 garbage-first heap   total 73728K, used 64840K [0x0000000085200000, 0x0000000100000000)
  region size 1024K, 40 young (40960K), 3 survivors (3072K)
 Metaspace       used 48823K, committed 49920K, reserved 1114112K
  class space    used 6314K, committed 6784K, reserved 1048576K
}
Event: 612.925 GC heap after
{Heap after GC invocations=22 (full 0):
 garbage-first heap   total 73728K, used 25299K [0x0000000085200000, 0x0000000100000000)
  region size 1024K, 3 young (3072K), 3 survivors (3072K)
 Metaspace       used 48823K, committed 49920K, reserved 1114112K
  class space    used 6314K, committed 6784K, reserved 1048576K
}
Event: 809.692 GC heap before
{Heap before GC invocations=22 (full 0):
 garbage-first heap   total 73728K, used 57043K [0x0000000085200000, 0x0000000100000000)
  region size 1024K, 35 young (35840K), 3 survivors (3072K)
 Metaspace       used 48945K, committed 49984K, reserved 1114112K
  class space    used 6345K, committed 6784K, reserved 1048576K
}
Event: 809.719 GC heap after
{Heap after GC invocations=23 (full 1):
 garbage-first heap   total 71680K, used 18566K [0x0000000085200000, 0x0000000100000000)
  region size 1024K, 0 young (0K), 0 survivors (0K)
 Metaspace       used 48906K, committed 49984K, reserved 1114112K
  class space    used 6336K, committed 6784K, reserved 1048576K
}

