# JRE version: Java(TM) SE Runtime Environment (21.0.2+13) (build 21.0.2+13-LTS-58)
# Java VM: Java HotSpot(TM) 64-Bit Server VM (21.0.2+13-LTS-58, mixed mode, emulated-client, sharing, tiered, compressed oops, compressed class ptrs, g1 gc, windows-amd64)
GC Precious Log:
 CardTable entry size: 512
 Card Set container configuration: InlinePtr #cards 5 size 8 Array Of Cards #cards 12 size 40 Howl #buckets 4 coarsen threshold 1843 Howl Bitmap #cards 512 size 80 coarsen threshold 460 Card regions per heap region 1 cards per card region 2048
 CPUs: 12 total, 12 available
 Memory: 7861M
 Large Page Support: Disabled
 NUMA Support: Disabled
 Compressed Oops: Enabled (32-bit)
 Heap Region Size: 1M
 Heap Min Capacity: 8M
 Heap Initial Capacity: 124M
 Heap Max Capacity: 1966M
 Pre-touch: Disabled
 Parallel Workers: 10
 Concurrent Workers: 3
 Concurrent Refinement Workers: 10
 Periodic GC: Disabled
Heap:
 garbage-first heap   total 61440K, used 21888K [0x0000000085200000, 0x0000000100000000)
  region size 1024K, 8 young (8192K), 3 survivors (3072K)
 Metaspace       used 33669K, committed 34240K, reserved 1114112K
  class space    used 4429K, committed 4672K, reserved 1048576K
GC Heap History (20 events):
Event: 1.005 GC heap before
{Heap before GC invocations=2 (full 0):
 garbage-first heap   total 126976K, used 79753K [0x0000000085200000, 0x0000000100000000)
  region size 1024K, 74 young (75776K), 2 survivors (2048K)
 Metaspace       used 17319K, committed 17664K, reserved 1114112K
  class space    used 2176K, committed 2304K, reserved 1048576K
}
Event: 1.007 GC heap after
{Heap after GC invocations=3 (full 0):
 garbage-first heap   total 126976K, used 9174K [0x0000000085200000, 0x0000000100000000)
  region size 1024K, 4 young (4096K), 4 survivors (4096K)
 Metaspace       used 17319K, committed 17664K, reserved 1114112K
  class space    used 2176K, committed 2304K, reserved 1048576K
}
Event: 1.016 GC heap before
{Heap before GC invocations=3 (full 0):
 garbage-first heap   total 126976K, used 12246K [0x0000000085200000, 0x0000000100000000)
  region size 1024K, 8 young (8192K), 4 survivors (4096K)
 Metaspace       used 17615K, committed 17984K, reserved 1114112K
  class space    used 2214K, committed 2368K, reserved 1048576K
}
Event: 1.018 GC heap after
{Heap after GC invocations=4 (full 0):
 garbage-first heap   total 126976K, used 9358K [0x0000000085200000, 0x0000000100000000)
  region size 1024K, 4 young (4096K), 4 survivors (4096K)
 Metaspace       used 17615K, committed 17984K, reserved 1114112K
  class space    used 2214K, committed 2368K, reserved 1048576K
}
Event: 1.087 GC heap before
{Heap before GC invocations=5 (full 0):
 garbage-first heap   total 40960K, used 34958K [0x0000000085200000, 0x0000000100000000)
  region size 1024K, 30 young (30720K), 4 survivors (4096K)
 Metaspace       used 19684K, committed 20032K, reserved 1114112K
  class space    used 2503K, committed 2688K, reserved 1048576K
}
Event: 1.089 GC heap after
{Heap after GC invocations=6 (full 0):
 garbage-first heap   total 41984K, used 10032K [0x0000000085200000, 0x0000000100000000)
  region size 1024K, 1 young (1024K), 1 survivors (1024K)
 Metaspace       used 19684K, committed 20032K, reserved 1114112K
  class space    used 2503K, committed 2688K, reserved 1048576K
}
Event: 1.189 GC heap before
{Heap before GC invocations=6 (full 0):
 garbage-first heap   total 41984K, used 32560K [0x0000000085200000, 0x0000000100000000)
  region size 1024K, 24 young (24576K), 1 survivors (1024K)
 Metaspace       used 21516K, committed 21888K, reserved 1114112K
  class space    used 2758K, committed 2944K, reserved 1048576K
}
Event: 1.191 GC heap after
{Heap after GC invocations=7 (full 0):
 garbage-first heap   total 41984K, used 11815K [0x0000000085200000, 0x0000000100000000)
  region size 1024K, 3 young (3072K), 3 survivors (3072K)
 Metaspace       used 21516K, committed 21888K, reserved 1114112K
  class space    used 2758K, committed 2944K, reserved 1048576K
}
Event: 1.350 GC heap before
{Heap before GC invocations=7 (full 0):
 garbage-first heap   total 41984K, used 32295K [0x0000000085200000, 0x0000000100000000)
  region size 1024K, 24 young (24576K), 3 survivors (3072K)
 Metaspace       used 22414K, committed 22784K, reserved 1114112K
  class space    used 2902K, committed 3072K, reserved 1048576K
}
Event: 1.352 GC heap after
{Heap after GC invocations=8 (full 0):
 garbage-first heap   total 51200K, used 12689K [0x0000000085200000, 0x0000000100000000)
  region size 1024K, 2 young (2048K), 2 survivors (2048K)
 Metaspace       used 22414K, committed 22784K, reserved 1114112K
  class space    used 2902K, committed 3072K, reserved 1048576K
}
Event: 1.526 GC heap before
{Heap before GC invocations=8 (full 0):
 garbage-first heap   total 51200K, used 41361K [0x0000000085200000, 0x0000000100000000)
  region size 1024K, 30 young (30720K), 2 survivors (2048K)
 Metaspace       used 24244K, committed 24640K, reserved 1114112K
  class space    used 3175K, committed 3328K, reserved 1048576K
}
Event: 1.528 GC heap after
{Heap after GC invocations=9 (full 0):
 garbage-first heap   total 51200K, used 13632K [0x0000000085200000, 0x0000000100000000)
  region size 1024K, 3 young (3072K), 3 survivors (3072K)
 Metaspace       used 24244K, committed 24640K, reserved 1114112K
  class space    used 3175K, committed 3328K, reserved 1048576K
}
Event: 1.721 GC heap before
{Heap before GC invocations=9 (full 0):
 garbage-first heap   total 51200K, used 41280K [0x0000000085200000, 0x0000000100000000)
  region size 1024K, 30 young (30720K), 3 survivors (3072K)
 Metaspace       used 26892K, committed 27392K, reserved 1114112K
  class space    used 3583K, committed 3776K, reserved 1048576K
}
Event: 1.723 GC heap after
{Heap after GC invocations=10 (full 0):
 garbage-first heap   total 51200K, used 15518K [0x0000000085200000, 0x0000000100000000)
  region size 1024K, 3 young (3072K), 3 survivors (3072K)
 Metaspace       used 26892K, committed 27392K, reserved 1114112K
  class space    used 3583K, committed 3776K, reserved 1048576K
}
Event: 1.882 GC heap before
{Heap before GC invocations=10 (full 0):
 garbage-first heap   total 51200K, used 43166K [0x0000000085200000, 0x0000000100000000)
  region size 1024K, 30 young (30720K), 3 survivors (3072K)
 Metaspace       used 29175K, committed 29696K, reserved 1114112K
  class space    used 3852K, committed 4096K, reserved 1048576K
}
Event: 1.885 GC heap after
{Heap after GC invocations=11 (full 0):
 garbage-first heap   total 51200K, used 16821K [0x0000000085200000, 0x0000000100000000)
  region size 1024K, 4 young (4096K), 4 survivors (4096K)
 Metaspace       used 29175K, committed 29696K, reserved 1114112K
  class space    used 3852K, committed 4096K, reserved 1048576K
}
Event: 1.915 GC heap before
{Heap before GC invocations=11 (full 0):
 garbage-first heap   total 51200K, used 20917K [0x0000000085200000, 0x0000000100000000)
  region size 1024K, 9 young (9216K), 4 survivors (4096K)
 Metaspace       used 29510K, committed 30080K, reserved 1114112K
  class space    used 3906K, committed 4160K, reserved 1048576K
}
Event: 1.917 GC heap after
{Heap after GC invocations=12 (full 0):
 garbage-first heap   total 61440K, used 16943K [0x0000000085200000, 0x0000000100000000)
  region size 1024K, 2 young (2048K), 2 survivors (2048K)
 Metaspace       used 29510K, committed 30080K, reserved 1114112K
  class space    used 3906K, committed 4160K, reserved 1048576K
}
Event: 2.074 GC heap before
{Heap before GC invocations=13 (full 0):
 garbage-first heap   total 61440K, used 50735K [0x0000000085200000, 0x0000000100000000)
  region size 1024K, 36 young (36864K), 2 survivors (2048K)
 Metaspace       used 33533K, committed 34112K, reserved 1114112K
  class space    used 4411K, committed 4672K, reserved 1048576K
}
Event: 2.076 GC heap after
{Heap after GC invocations=14 (full 0):
 garbage-first heap   total 61440K, used 17792K [0x0000000085200000, 0x0000000100000000)
  region size 1024K, 3 young (3072K), 3 survivors (3072K)
 Metaspace       used 33533K, committed 34112K, reserved 1114112K
  class space    used 4411K, committed 4672K, reserved 1048576K
}

